============================================================
  Generated by:           Genus(TM) Synthesis Solution GENUS15.20 - 15.20-p004_1
  Generated on:           May 27 2024  03:11:18 am
  Module:                 synth_wrapper
  Interconnect mode:      global
  Area mode:              timing library
============================================================

                                                
           Gate             Instances    Area                Library             
---------------------------------------------------------------------------------
sky130_fd_sc_hd__a21boi_1           1     7.507    sky130_fd_sc_hd__tt_025C_1v80 
sky130_fd_sc_hd__a21o_1             1     7.507    sky130_fd_sc_hd__tt_025C_1v80 
sky130_fd_sc_hd__a21oi_2            4    35.034    sky130_fd_sc_hd__tt_025C_1v80 
sky130_fd_sc_hd__and2_1             4    25.024    sky130_fd_sc_hd__tt_025C_1v80 
sky130_fd_sc_hd__and2_2             1     7.507    sky130_fd_sc_hd__tt_025C_1v80 
sky130_fd_sc_hd__and2_4             2    17.517    sky130_fd_sc_hd__tt_025C_1v80 
sky130_fd_sc_hd__and3_1             3    18.768    sky130_fd_sc_hd__tt_025C_1v80 
sky130_fd_sc_hd__and3b_1            1     8.758    sky130_fd_sc_hd__tt_025C_1v80 
sky130_fd_sc_hd__buf_1              2     7.507    sky130_fd_sc_hd__tt_025C_1v80 
sky130_fd_sc_hd__buf_4              1     7.507    sky130_fd_sc_hd__tt_025C_1v80 
sky130_fd_sc_hd__buf_6              2    22.522    sky130_fd_sc_hd__tt_025C_1v80 
sky130_fd_sc_hd__clkbuf_1           2     7.507    sky130_fd_sc_hd__tt_025C_1v80 
sky130_fd_sc_hd__clkbuf_2           2    10.010    sky130_fd_sc_hd__tt_025C_1v80 
sky130_fd_sc_hd__clkinv_1           4    15.014    sky130_fd_sc_hd__tt_025C_1v80 
sky130_fd_sc_hd__clkinv_2           2    10.010    sky130_fd_sc_hd__tt_025C_1v80 
sky130_fd_sc_hd__clkinv_4           3    26.275    sky130_fd_sc_hd__tt_025C_1v80 
sky130_fd_sc_hd__dfrtp_1           10   250.240    sky130_fd_sc_hd__tt_025C_1v80 
sky130_fd_sc_hd__dfrtp_2            6   157.651    sky130_fd_sc_hd__tt_025C_1v80 
sky130_fd_sc_hd__inv_1              7    26.275    sky130_fd_sc_hd__tt_025C_1v80 
sky130_fd_sc_hd__inv_2             27   101.347    sky130_fd_sc_hd__tt_025C_1v80 
sky130_fd_sc_hd__inv_4              7    43.792    sky130_fd_sc_hd__tt_025C_1v80 
sky130_fd_sc_hd__nand2_1           31   116.362    sky130_fd_sc_hd__tt_025C_1v80 
sky130_fd_sc_hd__nand2_2           16   100.096    sky130_fd_sc_hd__tt_025C_1v80 
sky130_fd_sc_hd__nand2_4            2    22.522    sky130_fd_sc_hd__tt_025C_1v80 
sky130_fd_sc_hd__nand2b_1           5    31.280    sky130_fd_sc_hd__tt_025C_1v80 
sky130_fd_sc_hd__nand3_1           12    60.058    sky130_fd_sc_hd__tt_025C_1v80 
sky130_fd_sc_hd__nand3_2           10   100.096    sky130_fd_sc_hd__tt_025C_1v80 
sky130_fd_sc_hd__nand3b_1           2    15.014    sky130_fd_sc_hd__tt_025C_1v80 
sky130_fd_sc_hd__nand3b_2           1    11.261    sky130_fd_sc_hd__tt_025C_1v80 
sky130_fd_sc_hd__nand4_1            8    50.048    sky130_fd_sc_hd__tt_025C_1v80 
sky130_fd_sc_hd__nand4_2            1    12.512    sky130_fd_sc_hd__tt_025C_1v80 
sky130_fd_sc_hd__nand4b_1           2    17.517    sky130_fd_sc_hd__tt_025C_1v80 
sky130_fd_sc_hd__nand4bb_1          1    11.261    sky130_fd_sc_hd__tt_025C_1v80 
sky130_fd_sc_hd__nor2_1             4    15.014    sky130_fd_sc_hd__tt_025C_1v80 
sky130_fd_sc_hd__nor2_2             5    31.280    sky130_fd_sc_hd__tt_025C_1v80 
sky130_fd_sc_hd__o211a_1            2    20.019    sky130_fd_sc_hd__tt_025C_1v80 
sky130_fd_sc_hd__o21ai_1            5    25.024    sky130_fd_sc_hd__tt_025C_1v80 
sky130_fd_sc_hd__o21ai_2            1     8.758    sky130_fd_sc_hd__tt_025C_1v80 
sky130_fd_sc_hd__o21ba_1            1    10.010    sky130_fd_sc_hd__tt_025C_1v80 
sky130_fd_sc_hd__o22a_1             3    26.275    sky130_fd_sc_hd__tt_025C_1v80 
sky130_fd_sc_hd__or2_1              2    12.512    sky130_fd_sc_hd__tt_025C_1v80 
---------------------------------------------------------------------------------
total                             206  1510.198                                  


                                     
   Type    Instances   Area   Area % 
-------------------------------------
sequential        16  407.891   27.0 
inverter          50  222.714   14.7 
buffer             9   55.053    3.6 
logic            131  824.541   54.6 
-------------------------------------
total            206 1510.198  100.0 

