============================================================
  Generated by:           Genus(TM) Synthesis Solution GENUS15.20 - 15.20-p004_1
  Generated on:           May 27 2024  03:11:18 am
  Module:                 synth_wrapper
  Interconnect mode:      global
  Area mode:              timing library
============================================================

Timing
--------

Clock Period 
-------------
clk   1205.0 


  Cost    Critical       Violating 
 Group   Path Slack TNS    Paths   
-----------------------------------
default         0.1   0          0 
-----------------------------------
Total                 0          0 

Instance Count
--------------
Leaf Instance Count             206 
Sequential Instance Count        16 
Combinational Instance Count    190 
Hierarchical Instance Count       0 

Area
----
Cell Area                          1510.198
Physical Cell Area                 0.000
Total Cell Area (Cell+Physical)    1510.198
Net Area                           1068.768
Total Area (Cell+Physical+Net)     2578.966

Max Fanout                         16 (clk)
Min Fanout                         1 (a_reg[1])
Average Fanout                     2.1
Terms to net ratio                 3.0
Terms to instance ratio            3.2
Runtime                            24.799 seconds
Elapsed Runtime                    25 seconds
RC peak memory usage:              443.82 
EDI peak memory usage:             no_value 
Hostname                           centos7
